[19:50:55] [ServerMain/INFO]: [bootstrap] Running Java 21 (OpenJDK 64-Bit Server VM 21.0.5+11-Ubuntu-1ubuntu120.04; Ubuntu null) on Linux 6.5.0-1025-azure (amd64)
[19:50:55] [ServerMain/INFO]: [bootstrap] Loading Paper 1.21.3-63-master@4190ee7 (2024-11-25T18:59:19Z) for Minecraft 1.21.3
[19:50:55] [ServerMain/INFO]: [PluginInitializerManager] Initializing plugins...
[19:50:56] [ServerMain/INFO]: [PluginInitializerManager] Initialized 7 plugins
[19:50:56] [ServerMain/INFO]: [PluginInitializerManager] Bukkit plugins (7):
 - AngelChest (13.9.0), AuraSkills (2.2.7), ClearLag (3.2.2), RHLeafDecay (1.21_R1), SimpleTpa (7.4), SkinsRestorer (15.5.1), TAB (5.0.3)
[19:51:00] [ServerMain/INFO]: Environment: Environment[sessionHost=https://sessionserver.mojang.com, servicesHost=https://api.minecraftservices.com, name=PROD]
[19:51:02] [ServerMain/INFO]: Loaded 1337 recipes
[19:51:02] [ServerMain/INFO]: Loaded 1448 advancements
[19:51:02] [Server thread/INFO]: Starting minecraft server version 1.21.3
[19:51:02] [Server thread/INFO]: Loading properties
[19:51:02] [Server thread/INFO]: This server is running Paper version 1.21.3-63-master@4190ee7 (2024-11-25T18:59:19Z) (Implementing API version 1.21.3-R0.1-SNAPSHOT)
[19:51:03] [Server thread/INFO]: [spark] This server bundles the spark profiler. For more information please visit https://docs.papermc.io/paper/profiling
[19:51:03] [Server thread/INFO]: Server Ping Player Sample Count: 12
[19:51:03] [Server thread/INFO]: Using 4 threads for Netty based IO
[19:51:04] [Server thread/INFO]: [MoonriseCommon] Paper is using 1 worker threads, 1 I/O threads
[19:51:04] [Server thread/INFO]: [ChunkTaskScheduler] Chunk system is using population gen parallelism: true
[19:51:04] [Server thread/INFO]: Default game type: SURVIVAL
[19:51:04] [Server thread/INFO]: Generating keypair
[19:51:04] [Server thread/INFO]: Starting Minecraft server on *:25565
[19:51:04] [Server thread/INFO]: Using epoll channel type
[19:51:04] [Server thread/INFO]: Paper: Using libdeflate (Linux x86_64) compression from Velocity.
[19:51:04] [Server thread/INFO]: Paper: Using OpenSSL 1.1.x (Linux x86_64) cipher from Velocity.
[19:51:05] [Server thread/INFO]: [SkinsRestorer] Loading server plugin SkinsRestorer v15.5.1
[19:51:05] [Server thread/INFO]: [AngelChest] Loading server plugin AngelChest v13.9.0
[19:51:05] [Server thread/INFO]: [ClearLag] Loading server plugin ClearLag v3.2.2
[19:51:05] [Server thread/INFO]: [SimpleTpa] Loading server plugin SimpleTpa v7.4
[19:51:05] [Server thread/INFO]: [TAB] Loading server plugin TAB v5.0.3
[19:51:05] [Server thread/INFO]: [AuraSkills] Loading server plugin AuraSkills v2.2.7
[19:51:05] [Server thread/INFO]: [RHLeafDecay] Loading server plugin RHLeafDecay v1.21_R1
[19:51:05] [Server thread/INFO]: Server permissions file permissions.yml is empty, ignoring it
[19:51:05] [Server thread/INFO]: [SkinsRestorer] Enabling SkinsRestorer v15.5.1
[19:51:05] [Server thread/WARN]: [SkinsRestorer] You must agree to the rules at 'commands.perSkinPermissionsConsent' in the config to use per skin permissions.
[19:51:05] [Server thread/INFO]: [SkinsRestorer] Running on Minecraft 1.21.3.
[19:51:06] [Server thread/INFO]: [SkinsRestorer] Using paper join listener!
[19:51:06] [Server thread/WARN]: **** SERVER IS RUNNING IN OFFLINE/INSECURE MODE!
[19:51:06] [Server thread/WARN]: The server will make no attempt to authenticate usernames. Beware.
[19:51:06] [Server thread/WARN]: While this makes the game possible to play without internet access, it also opens up the ability for hackers to connect with any username they choose.
[19:51:06] [Server thread/WARN]: To change this, set "online-mode" to "true" in the server.properties file.
[19:51:06] [Server thread/INFO]: Preparing level "world"
[19:51:06] [Folia Async Scheduler Thread #1/INFO]: [SkinsRestorer] ----------------------------------------------
[19:51:06] [Folia Async Scheduler Thread #1/INFO]: [SkinsRestorer]     +==================+
[19:51:06] [Folia Async Scheduler Thread #1/INFO]: [SkinsRestorer]     |   SkinsRestorer  |
[19:51:06] [Folia Async Scheduler Thread #1/INFO]: [SkinsRestorer]     |------------------|
[19:51:06] [Folia Async Scheduler Thread #1/INFO]: [SkinsRestorer]     |  Standalone Mode |
[19:51:06] [Folia Async Scheduler Thread #1/INFO]: [SkinsRestorer]     +==================+
[19:51:06] [Folia Async Scheduler Thread #1/INFO]: [SkinsRestorer] ----------------------------------------------
[19:51:06] [Folia Async Scheduler Thread #1/INFO]: [SkinsRestorer]     Version: 15.5.1
[19:51:06] [Folia Async Scheduler Thread #1/INFO]: [SkinsRestorer]     Commit: d5d8613
[19:51:06] [Folia Async Scheduler Thread #1/INFO]: [SkinsRestorer]     This is the latest version!
[19:51:06] [Folia Async Scheduler Thread #1/INFO]: [SkinsRestorer] ----------------------------------------------
[19:51:06] [Folia Async Scheduler Thread #1/INFO]: [SkinsRestorer] Do you have issues? Read our troubleshooting guide: https://skinsrestorer.net/docs/troubleshooting
[19:51:06] [Folia Async Scheduler Thread #1/INFO]: [SkinsRestorer] Want to support SkinsRestorer? Consider donating: https://skinsrestorer.net/donate
[19:51:06] [Server thread/INFO]: Preparing start region for dimension minecraft:overworld
[19:51:07] [Server thread/INFO]: Preparing spawn area: 0%
[19:51:07] [Paper Common Worker #0/INFO]: [MCTypeRegistry] Initialising converters for DataConverter...
[19:51:07] [Server thread/INFO]: Preparing spawn area: 0%
[19:51:07] [Paper Common Worker #0/INFO]: [MCTypeRegistry] Finished initialising converters for DataConverter in 281.2ms
[19:51:08] [Server thread/INFO]: Preparing spawn area: 51%
[19:51:08] [Server thread/INFO]: Time elapsed: 1299 ms
[19:51:08] [Server thread/INFO]: Preparing start region for dimension minecraft:the_nether
[19:51:08] [Server thread/INFO]: Preparing spawn area: 0%
[19:51:08] [Server thread/INFO]: Time elapsed: 236 ms
[19:51:08] [Server thread/INFO]: Preparing start region for dimension minecraft:the_end
[19:51:08] [Server thread/INFO]: Preparing spawn area: 0%
[19:51:08] [Server thread/INFO]: Time elapsed: 105 ms
[19:51:08] [Server thread/INFO]: [AngelChest] Enabling AngelChest v13.9.0
[19:51:09] [Server thread/INFO]: [AngelChest] groups.yml does not exist, skipping custom group settings.
[19:51:09] [Server thread/INFO]: [AngelChest] blacklist.yml does not exist, disabling item blacklist.
[19:51:09] [Server thread/INFO]: [AngelChest] Not using premium version, disabling Graveyards feature
[19:51:09] [Server thread/WARN]: [AngelChest] Could not add usage/description to command acopen
[19:51:09] [Server thread/INFO]: [AngelChest] Vault not installed, disabling economy functions.
[19:51:09] [Server thread/INFO]: [AngelChest] [ACF] Enabled Asynchronous Tab Completion Support!
[19:51:09] [Server thread/INFO]: [AngelChest] Successfully enabled AngelChest v13.9.0 (Premium: false)
[19:51:09] [Server thread/INFO]: [ClearLag] Enabling ClearLag v3.2.2
[19:51:09] [Server thread/INFO]: [ClearLag] Using version-adapter: LatestVersionAdapter
[19:51:09] [Server thread/INFO]: [ClearLag] Loading modules...
[19:51:09] [Server thread/WARN]: [ClearLag] Clearlag failed to use the internal TPS tracker during initialization. Reverted to estimation... (Index 3 out of bounds for length 3)
[19:51:09] [Server thread/INFO]: [ClearLag] Modules enabed, loading config values
[19:51:09] [Server thread/INFO]: [ClearLag] Modules have been loaded!
[19:51:09] [Server thread/INFO]: [ClearLag] Clearlag is now enabled!
[19:51:09] [Server thread/INFO]: [SimpleTpa] Enabling SimpleTpa v7.4
[19:51:09] [Server thread/INFO]: [SimpleTpa] If you need support contact me at https://discord.gg/SZUkza9
[19:51:09] [Server thread/INFO]: [SimpleTpa] Simple Tpa has been enabled on version 7.4
[19:51:09] [Thread-11/WARN]: [ClearLag] Clearlag failed to check for updates - bukkit may be down
[19:51:09] [Thread-11/WARN]: java.lang.ArrayIndexOutOfBoundsException: Index 3 out of bounds for length 3
[19:51:09] [Thread-11/WARN]: 	at Clearlag.jar//me.minebuilders.clearlag.Util.getBukkitVersion(Util.java:105)
[19:51:09] [Thread-11/WARN]: 	at Clearlag.jar//me.minebuilders.clearlag.BukkitUpdater.updateAvailable(BukkitUpdater.java:32)
[19:51:09] [Thread-11/WARN]: 	at Clearlag.jar//me.minebuilders.clearlag.BukkitUpdater.run(BukkitUpdater.java:82)
[19:51:09] [Thread-11/WARN]: 	at java.base/java.lang.Thread.run(Thread.java:1583)
[19:51:09] [Server thread/INFO]: Enabled metrics. You may opt-out by changing plugins/bStats/config.yml
[19:51:09] [Server thread/INFO]: [TAB] Enabling TAB v5.0.3
[19:51:09] [Server thread/INFO]: [TAB] Loaded NMS hook in 48ms
[19:51:09] [Server thread/INFO]: [TAB] Enabled in 316ms
[19:51:09] [Server thread/INFO]: [AuraSkills] Enabling AuraSkills v2.2.7
[19:51:10] [Server thread/INFO]: [AuraSkills] Loaded 21 message files
[19:51:11] [Server thread/INFO]: [AuraSkills] Loaded 151 config options in 30 ms
[19:51:11] [Server thread/INFO]: [NBTAPI] [NBTAPI] Found Minecraft: 1.21.3! Trying to find NMS support
[19:51:11] [Server thread/INFO]: [NBTAPI] [NBTAPI] NMS support 'MC1_21_R2' loaded!
[19:51:11] [Server thread/INFO]: [NBTAPI] [NBTAPI] Using the plugin 'AuraSkills' to create a bStats instance!
[19:51:11] [Server thread/INFO]: [AuraSkills] Loaded 3 blocked/disabled worlds
[19:51:11] [Server thread/INFO]: [AuraSkills] [ACF] Enabled Asynchronous Tab Completion Support!
[19:51:12] [Server thread/INFO]: [RHLeafDecay] Enabling RHLeafDecay v1.21_R1
[19:51:12] [Server thread/INFO]: [RHLeafDecay] The plugin has been loaded!
[19:51:12] [Server thread/INFO]: [RHLeafDecay] You are using version 1.21_R1 /w 💕 by X0R3
[19:51:12] [Server thread/INFO]: [RHLeafDecay] Info:
[19:51:12] [Server thread/INFO]: [RHLeafDecay] If you want your server be presented on the plugin page, then please contact me! :)
[19:51:12] [Server thread/INFO]: [spark] Starting background profiler...
[19:51:12] [Server thread/INFO]: Done preparing level "world" (6.320s)
[19:51:12] [Server thread/INFO]: Running delayed init tasks
[19:51:13] [Server thread/INFO]: [AuraSkills] Loaded 11 skills with 315 total sources
[19:51:13] [Server thread/INFO]: [AuraSkills] Loaded 9 stats and 17 traits
[19:51:13] [Server thread/INFO]: [AuraSkills] Loaded 22 pattern rewards and 0 level rewards
[19:51:13] [Server thread/INFO]: [AuraSkills] Loaded 53 loot entries in 4 pools and 2 tables
[19:51:13] [Server thread/INFO]: Environment: Environment[sessionHost=https://sessionserver.mojang.com, servicesHost=https://api.minecraftservices.com, name=PROD]
[19:51:13] [Server thread/INFO]: [AuraSkills] Loaded 6 menus
[19:51:13] [Server thread/INFO]: Done (19.557s)! For help, type "help"
[19:51:15] [Server thread/INFO]: [AngelChest] ========================================================
[19:51:15] [Server thread/INFO]: [AngelChest] You are using the free version of AngelChest. There is
[19:51:15] [Server thread/INFO]: [AngelChest] also a premium version available, called AngelChestPlus.
[19:51:15] [Server thread/INFO]: [AngelChest] It includes TONS of new features and exclusive Discord
[19:51:15] [Server thread/INFO]: [AngelChest] support. The free version will still receive bugfixes,
[19:51:15] [Server thread/INFO]: [AngelChest] but there won't be ANY new features!
[19:51:15] [Server thread/INFO]: [AngelChest] If you like AngelChest, you will LOVE AngelChestPlus, so
[19:51:15] [Server thread/INFO]: [AngelChest] please consider upgrading! Thank you for using AngelChest.
[19:51:15] [Server thread/INFO]: [AngelChest] 
[19:51:15] [Server thread/INFO]: [AngelChest] https://www.spigotmc.org/resources/88214
[19:51:15] [Server thread/INFO]: [AngelChest] ========================================================
[19:51:29] [User Authenticator #0/INFO]: UUID of player GrPatrixYT is ad57eae9-e0fd-3a99-a7cd-f9ead952a15b
[19:51:30] [TAB Processing Thread/INFO]: [TAB] [WARN] Player GrPatrixYT's group (none) is not in sorting list! Sorting list: owner,admin,mod,helper,builder,vip,default. Player will be sorted on the bottom.
[19:51:30] [Server thread/INFO]: GrPatrixYT joined the game
[19:51:31] [Server thread/INFO]: GrPatrixYT[/127.101.92.249:42023] logged in with entity id 37 at ([world]-653.4698536476076, -56.0, -1795.699999988079)
[19:51:35] [User Authenticator #0/INFO]: UUID of player SANS1237843 is 62fed0e1-ff38-36a6-8695-7c50b7f30215
[19:51:35] [TAB Processing Thread/INFO]: [TAB] [WARN] Player SANS1237843's group (none) is not in sorting list! Sorting list: owner,admin,mod,helper,builder,vip,default. Player will be sorted on the bottom.
[19:51:35] [Server thread/INFO]: SANS1237843 joined the game
[19:51:35] [Server thread/INFO]: SANS1237843[/127.72.228.58:43591] logged in with entity id 237 at ([world]-986.8226228881641, -24.5, -2016.381135274644)
[19:52:25] [User Authenticator #0/INFO]: UUID of player luispro110224 is 78b4080c-845d-323f-8618-f1d0e4fe510a
[19:52:27] [TAB Processing Thread/INFO]: [TAB] [WARN] Player luispro110224's group (none) is not in sorting list! Sorting list: owner,admin,mod,helper,builder,vip,default. Player will be sorted on the bottom.
[19:52:27] [Server thread/INFO]: luispro110224 joined the game
[19:52:27] [Server thread/INFO]: luispro110224[/127.104.189.111:41531] logged in with entity id 715 at ([world]-798.2624088236647, 65.02964812700162, -1801.3917896410492)
[19:54:52] [User Authenticator #1/INFO]: UUID of player Alipsi is 56dd22a1-49a0-3f2d-94e4-9aba34f420dc
[19:54:53] [TAB Processing Thread/INFO]: [TAB] [WARN] Player Alipsi's group (none) is not in sorting list! Sorting list: owner,admin,mod,helper,builder,vip,default. Player will be sorted on the bottom.
[19:54:53] [Server thread/INFO]: Alipsi joined the game
[19:54:53] [Server thread/INFO]: Alipsi[/127.49.25.160:55971] logged in with entity id 1718 at ([world]-989.7629526237662, -23.0, -2024.563849135336)
[19:54:57] [Server thread/INFO]: SANS1237843 issued server command: /tpa Alipsi
[19:54:57] [Server thread/ERROR]: Command exception: /tpa Alipsi
org.bukkit.command.CommandException: Unhandled exception executing command 'tpa' in plugin SimpleTpa v7.4
	at org.bukkit.command.PluginCommand.execute(PluginCommand.java:47) ~[paper-api-1.21.3-R0.1-SNAPSHOT.jar:?]
	at io.papermc.paper.command.brigadier.bukkit.BukkitCommandNode$BukkitBrigCommand.run(BukkitCommandNode.java:82) ~[paper-1.21.3.jar:1.21.3-63-4190ee7]
	at com.mojang.brigadier.context.ContextChain.runExecutable(ContextChain.java:73) ~[brigadier-1.3.10.jar:?]
	at net.minecraft.commands.execution.tasks.ExecuteCommand.execute(ExecuteCommand.java:31) ~[paper-1.21.3.jar:1.21.3-63-4190ee7]
	at net.minecraft.commands.execution.tasks.ExecuteCommand.execute(ExecuteCommand.java:19) ~[paper-1.21.3.jar:1.21.3-63-4190ee7]
	at net.minecraft.commands.execution.UnboundEntryAction.lambda$bind$0(UnboundEntryAction.java:8) ~[paper-1.21.3.jar:1.21.3-63-4190ee7]
	at net.minecraft.commands.execution.CommandQueueEntry.execute(CommandQueueEntry.java:5) ~[paper-1.21.3.jar:1.21.3-63-4190ee7]
	at net.minecraft.commands.execution.ExecutionContext.runCommandQueue(ExecutionContext.java:103) ~[paper-1.21.3.jar:1.21.3-63-4190ee7]
	at net.minecraft.commands.Commands.executeCommandInContext(Commands.java:448) ~[paper-1.21.3.jar:1.21.3-63-4190ee7]
	at net.minecraft.commands.Commands.performCommand(Commands.java:355) ~[paper-1.21.3.jar:1.21.3-63-4190ee7]
	at net.minecraft.commands.Commands.performCommand(Commands.java:342) ~[paper-1.21.3.jar:1.21.3-63-4190ee7]
	at net.minecraft.commands.Commands.performCommand(Commands.java:337) ~[paper-1.21.3.jar:1.21.3-63-4190ee7]
	at net.minecraft.server.network.ServerGamePacketListenerImpl.performUnsignedChatCommand(ServerGamePacketListenerImpl.java:2241) ~[paper-1.21.3.jar:1.21.3-63-4190ee7]
	at net.minecraft.server.network.ServerGamePacketListenerImpl.lambda$handleChatCommand$11(ServerGamePacketListenerImpl.java:2215) ~[paper-1.21.3.jar:1.21.3-63-4190ee7]
	at net.minecraft.server.TickTask.run(TickTask.java:18) ~[paper-1.21.3.jar:1.21.3-63-4190ee7]
	at net.minecraft.util.thread.BlockableEventLoop.doRunTask(BlockableEventLoop.java:154) ~[paper-1.21.3.jar:1.21.3-63-4190ee7]
	at net.minecraft.util.thread.ReentrantBlockableEventLoop.doRunTask(ReentrantBlockableEventLoop.java:24) ~[paper-1.21.3.jar:1.21.3-63-4190ee7]
	at net.minecraft.server.MinecraftServer.doRunTask(MinecraftServer.java:1577) ~[paper-1.21.3.jar:1.21.3-63-4190ee7]
	at net.minecraft.server.MinecraftServer.doRunTask(MinecraftServer.java:207) ~[paper-1.21.3.jar:1.21.3-63-4190ee7]
	at net.minecraft.util.thread.BlockableEventLoop.pollTask(BlockableEventLoop.java:128) ~[paper-1.21.3.jar:1.21.3-63-4190ee7]
	at net.minecraft.server.MinecraftServer.pollTaskInternal(MinecraftServer.java:1554) ~[paper-1.21.3.jar:1.21.3-63-4190ee7]
	at net.minecraft.server.MinecraftServer.pollTask(MinecraftServer.java:1547) ~[paper-1.21.3.jar:1.21.3-63-4190ee7]
	at net.minecraft.util.thread.BlockableEventLoop.managedBlock(BlockableEventLoop.java:138) ~[paper-1.21.3.jar:1.21.3-63-4190ee7]
	at net.minecraft.server.MinecraftServer.managedBlock(MinecraftServer.java:1498) ~[paper-1.21.3.jar:1.21.3-63-4190ee7]
	at net.minecraft.server.MinecraftServer.waitUntilNextTick(MinecraftServer.java:1508) ~[paper-1.21.3.jar:1.21.3-63-4190ee7]
	at net.minecraft.server.MinecraftServer.runServer(MinecraftServer.java:1344) ~[paper-1.21.3.jar:1.21.3-63-4190ee7]
	at net.minecraft.server.MinecraftServer.lambda$spin$0(MinecraftServer.java:340) ~[paper-1.21.3.jar:1.21.3-63-4190ee7]
	at java.base/java.lang.Thread.run(Thread.java:1583) ~[?:?]
Caused by: java.lang.IllegalArgumentException: No enum constant net.md_5.bungee.api.ChatColor.Green
	at com.google.common.base.Preconditions.checkArgument(Preconditions.java:143) ~[guava-32.1.2-jre.jar:?]
	at net.md_5.bungee.api.ChatColor.valueOf(ChatColor.java:289) ~[bungeecord-chat-1.20-R0.2-deprecated+build.18.jar:?]
	at SimpleTpa.jar/me.mulemuledupe.simpletpa.utils.SimpleTpaUtils.addButtonsMethod(SimpleTpaUtils.java:55) ~[SimpleTpa.jar:?]
	at SimpleTpa.jar/me.mulemuledupe.simpletpa.utils.SimpleTpaUtils.sendRequest(SimpleTpaUtils.java:98) ~[SimpleTpa.jar:?]
	at SimpleTpa.jar/me.mulemuledupe.simpletpa.commands.TpaCommand.onCommand(TpaCommand.java:125) ~[SimpleTpa.jar:?]
	at org.bukkit.command.PluginCommand.execute(PluginCommand.java:45) ~[paper-api-1.21.3-R0.1-SNAPSHOT.jar:?]
	... 27 more
[19:55:01] [Server thread/INFO]: Alipsi issued server command: /tpauto
[19:55:04] [Server thread/INFO]: Alipsi issued server command: /tpaccept
[19:55:08] [Server thread/INFO]: SANS1237843 issued server command: /tpa Alipsi
[19:56:45] [Server thread/INFO]: Alipsi issued server command: /tpa g
[19:56:45] [Server thread/ERROR]: Command exception: /tpa g
org.bukkit.command.CommandException: Unhandled exception executing command 'tpa' in plugin SimpleTpa v7.4
	at org.bukkit.command.PluginCommand.execute(PluginCommand.java:47) ~[paper-api-1.21.3-R0.1-SNAPSHOT.jar:?]
	at io.papermc.paper.command.brigadier.bukkit.BukkitCommandNode$BukkitBrigCommand.run(BukkitCommandNode.java:82) ~[paper-1.21.3.jar:1.21.3-63-4190ee7]
	at com.mojang.brigadier.context.ContextChain.runExecutable(ContextChain.java:73) ~[brigadier-1.3.10.jar:?]
	at net.minecraft.commands.execution.tasks.ExecuteCommand.execute(ExecuteCommand.java:31) ~[paper-1.21.3.jar:1.21.3-63-4190ee7]
	at net.minecraft.commands.execution.tasks.ExecuteCommand.execute(ExecuteCommand.java:19) ~[paper-1.21.3.jar:1.21.3-63-4190ee7]
	at net.minecraft.commands.execution.UnboundEntryAction.lambda$bind$0(UnboundEntryAction.java:8) ~[paper-1.21.3.jar:1.21.3-63-4190ee7]
	at net.minecraft.commands.execution.CommandQueueEntry.execute(CommandQueueEntry.java:5) ~[paper-1.21.3.jar:1.21.3-63-4190ee7]
	at net.minecraft.commands.execution.ExecutionContext.runCommandQueue(ExecutionContext.java:103) ~[paper-1.21.3.jar:1.21.3-63-4190ee7]
	at net.minecraft.commands.Commands.executeCommandInContext(Commands.java:448) ~[paper-1.21.3.jar:1.21.3-63-4190ee7]
	at net.minecraft.commands.Commands.performCommand(Commands.java:355) ~[paper-1.21.3.jar:1.21.3-63-4190ee7]
	at net.minecraft.commands.Commands.performCommand(Commands.java:342) ~[paper-1.21.3.jar:1.21.3-63-4190ee7]
	at net.minecraft.commands.Commands.performCommand(Commands.java:337) ~[paper-1.21.3.jar:1.21.3-63-4190ee7]
	at net.minecraft.server.network.ServerGamePacketListenerImpl.performUnsignedChatCommand(ServerGamePacketListenerImpl.java:2241) ~[paper-1.21.3.jar:1.21.3-63-4190ee7]
	at net.minecraft.server.network.ServerGamePacketListenerImpl.lambda$handleChatCommand$11(ServerGamePacketListenerImpl.java:2215) ~[paper-1.21.3.jar:1.21.3-63-4190ee7]
	at net.minecraft.server.TickTask.run(TickTask.java:18) ~[paper-1.21.3.jar:1.21.3-63-4190ee7]
	at net.minecraft.util.thread.BlockableEventLoop.doRunTask(BlockableEventLoop.java:154) ~[paper-1.21.3.jar:1.21.3-63-4190ee7]
	at net.minecraft.util.thread.ReentrantBlockableEventLoop.doRunTask(ReentrantBlockableEventLoop.java:24) ~[paper-1.21.3.jar:1.21.3-63-4190ee7]
	at net.minecraft.server.MinecraftServer.doRunTask(MinecraftServer.java:1577) ~[paper-1.21.3.jar:1.21.3-63-4190ee7]
	at net.minecraft.server.MinecraftServer.doRunTask(MinecraftServer.java:207) ~[paper-1.21.3.jar:1.21.3-63-4190ee7]
	at net.minecraft.util.thread.BlockableEventLoop.pollTask(BlockableEventLoop.java:128) ~[paper-1.21.3.jar:1.21.3-63-4190ee7]
	at net.minecraft.server.MinecraftServer.pollTaskInternal(MinecraftServer.java:1554) ~[paper-1.21.3.jar:1.21.3-63-4190ee7]
	at net.minecraft.server.MinecraftServer.pollTask(MinecraftServer.java:1547) ~[paper-1.21.3.jar:1.21.3-63-4190ee7]
	at net.minecraft.util.thread.BlockableEventLoop.managedBlock(BlockableEventLoop.java:138) ~[paper-1.21.3.jar:1.21.3-63-4190ee7]
	at net.minecraft.server.MinecraftServer.managedBlock(MinecraftServer.java:1498) ~[paper-1.21.3.jar:1.21.3-63-4190ee7]
	at net.minecraft.server.MinecraftServer.waitUntilNextTick(MinecraftServer.java:1508) ~[paper-1.21.3.jar:1.21.3-63-4190ee7]
	at net.minecraft.server.MinecraftServer.runServer(MinecraftServer.java:1344) ~[paper-1.21.3.jar:1.21.3-63-4190ee7]
	at net.minecraft.server.MinecraftServer.lambda$spin$0(MinecraftServer.java:340) ~[paper-1.21.3.jar:1.21.3-63-4190ee7]
	at java.base/java.lang.Thread.run(Thread.java:1583) ~[?:?]
Caused by: java.lang.IllegalArgumentException: No enum constant net.md_5.bungee.api.ChatColor.Green
	at com.google.common.base.Preconditions.checkArgument(Preconditions.java:143) ~[guava-32.1.2-jre.jar:?]
	at net.md_5.bungee.api.ChatColor.valueOf(ChatColor.java:289) ~[bungeecord-chat-1.20-R0.2-deprecated+build.18.jar:?]
	at SimpleTpa.jar/me.mulemuledupe.simpletpa.utils.SimpleTpaUtils.addButtonsMethod(SimpleTpaUtils.java:55) ~[SimpleTpa.jar:?]
	at SimpleTpa.jar/me.mulemuledupe.simpletpa.utils.SimpleTpaUtils.sendRequest(SimpleTpaUtils.java:98) ~[SimpleTpa.jar:?]
	at SimpleTpa.jar/me.mulemuledupe.simpletpa.commands.TpaCommand.onCommand(TpaCommand.java:125) ~[SimpleTpa.jar:?]
	at org.bukkit.command.PluginCommand.execute(PluginCommand.java:45) ~[paper-api-1.21.3-R0.1-SNAPSHOT.jar:?]
	... 27 more
[19:56:51] [Server thread/INFO]: GrPatrixYT issued server command: /tpaccept
[20:00:11] [Server thread/INFO]: Alipsi issued server command: /tpa s
[20:00:11] [Server thread/ERROR]: Command exception: /tpa s
org.bukkit.command.CommandException: Unhandled exception executing command 'tpa' in plugin SimpleTpa v7.4
	at org.bukkit.command.PluginCommand.execute(PluginCommand.java:47) ~[paper-api-1.21.3-R0.1-SNAPSHOT.jar:?]
	at io.papermc.paper.command.brigadier.bukkit.BukkitCommandNode$BukkitBrigCommand.run(BukkitCommandNode.java:82) ~[paper-1.21.3.jar:1.21.3-63-4190ee7]
	at com.mojang.brigadier.context.ContextChain.runExecutable(ContextChain.java:73) ~[brigadier-1.3.10.jar:?]
	at net.minecraft.commands.execution.tasks.ExecuteCommand.execute(ExecuteCommand.java:31) ~[paper-1.21.3.jar:1.21.3-63-4190ee7]
	at net.minecraft.commands.execution.tasks.ExecuteCommand.execute(ExecuteCommand.java:19) ~[paper-1.21.3.jar:1.21.3-63-4190ee7]
	at net.minecraft.commands.execution.UnboundEntryAction.lambda$bind$0(UnboundEntryAction.java:8) ~[paper-1.21.3.jar:1.21.3-63-4190ee7]
	at net.minecraft.commands.execution.CommandQueueEntry.execute(CommandQueueEntry.java:5) ~[paper-1.21.3.jar:1.21.3-63-4190ee7]
	at net.minecraft.commands.execution.ExecutionContext.runCommandQueue(ExecutionContext.java:103) ~[paper-1.21.3.jar:1.21.3-63-4190ee7]
	at net.minecraft.commands.Commands.executeCommandInContext(Commands.java:448) ~[paper-1.21.3.jar:1.21.3-63-4190ee7]
	at net.minecraft.commands.Commands.performCommand(Commands.java:355) ~[paper-1.21.3.jar:1.21.3-63-4190ee7]
	at net.minecraft.commands.Commands.performCommand(Commands.java:342) ~[paper-1.21.3.jar:1.21.3-63-4190ee7]
	at net.minecraft.commands.Commands.performCommand(Commands.java:337) ~[paper-1.21.3.jar:1.21.3-63-4190ee7]
	at net.minecraft.server.network.ServerGamePacketListenerImpl.performUnsignedChatCommand(ServerGamePacketListenerImpl.java:2241) ~[paper-1.21.3.jar:1.21.3-63-4190ee7]
	at net.minecraft.server.network.ServerGamePacketListenerImpl.lambda$handleChatCommand$11(ServerGamePacketListenerImpl.java:2215) ~[paper-1.21.3.jar:1.21.3-63-4190ee7]
	at net.minecraft.server.TickTask.run(TickTask.java:18) ~[paper-1.21.3.jar:1.21.3-63-4190ee7]
	at net.minecraft.util.thread.BlockableEventLoop.doRunTask(BlockableEventLoop.java:154) ~[paper-1.21.3.jar:1.21.3-63-4190ee7]
	at net.minecraft.util.thread.ReentrantBlockableEventLoop.doRunTask(ReentrantBlockableEventLoop.java:24) ~[paper-1.21.3.jar:1.21.3-63-4190ee7]
	at net.minecraft.server.MinecraftServer.doRunTask(MinecraftServer.java:1577) ~[paper-1.21.3.jar:1.21.3-63-4190ee7]
	at net.minecraft.server.MinecraftServer.doRunTask(MinecraftServer.java:207) ~[paper-1.21.3.jar:1.21.3-63-4190ee7]
	at net.minecraft.util.thread.BlockableEventLoop.pollTask(BlockableEventLoop.java:128) ~[paper-1.21.3.jar:1.21.3-63-4190ee7]
	at net.minecraft.server.MinecraftServer.pollTaskInternal(MinecraftServer.java:1554) ~[paper-1.21.3.jar:1.21.3-63-4190ee7]
	at net.minecraft.server.MinecraftServer.pollTask(MinecraftServer.java:1547) ~[paper-1.21.3.jar:1.21.3-63-4190ee7]
	at net.minecraft.util.thread.BlockableEventLoop.managedBlock(BlockableEventLoop.java:138) ~[paper-1.21.3.jar:1.21.3-63-4190ee7]
	at net.minecraft.server.MinecraftServer.managedBlock(MinecraftServer.java:1498) ~[paper-1.21.3.jar:1.21.3-63-4190ee7]
	at net.minecraft.server.MinecraftServer.waitUntilNextTick(MinecraftServer.java:1508) ~[paper-1.21.3.jar:1.21.3-63-4190ee7]
	at net.minecraft.server.MinecraftServer.runServer(MinecraftServer.java:1344) ~[paper-1.21.3.jar:1.21.3-63-4190ee7]
	at net.minecraft.server.MinecraftServer.lambda$spin$0(MinecraftServer.java:340) ~[paper-1.21.3.jar:1.21.3-63-4190ee7]
	at java.base/java.lang.Thread.run(Thread.java:1583) ~[?:?]
Caused by: java.lang.IllegalArgumentException: No enum constant net.md_5.bungee.api.ChatColor.Green
	at com.google.common.base.Preconditions.checkArgument(Preconditions.java:143) ~[guava-32.1.2-jre.jar:?]
	at net.md_5.bungee.api.ChatColor.valueOf(ChatColor.java:289) ~[bungeecord-chat-1.20-R0.2-deprecated+build.18.jar:?]
	at SimpleTpa.jar/me.mulemuledupe.simpletpa.utils.SimpleTpaUtils.addButtonsMethod(SimpleTpaUtils.java:55) ~[SimpleTpa.jar:?]
	at SimpleTpa.jar/me.mulemuledupe.simpletpa.utils.SimpleTpaUtils.sendRequest(SimpleTpaUtils.java:98) ~[SimpleTpa.jar:?]
	at SimpleTpa.jar/me.mulemuledupe.simpletpa.commands.TpaCommand.onCommand(TpaCommand.java:125) ~[SimpleTpa.jar:?]
	at org.bukkit.command.PluginCommand.execute(PluginCommand.java:45) ~[paper-api-1.21.3-R0.1-SNAPSHOT.jar:?]
	... 27 more
[20:00:34] [Server thread/INFO]: SANS1237843 issued server command: /tpauto
[20:00:43] [Server thread/INFO]: luispro110224 issued server command: /tpauto
[20:00:54] [Server thread/INFO]: SANS1237843 issued server command: /tpaccept
[20:03:01] [Server thread/INFO]: SANS1237843 issued server command: /tpa luispro110224
[20:03:14] [Server thread/INFO]: GrPatrixYT issued server command: /tp Alipsi GrPatrixYT
[20:03:14] [Server thread/INFO]: [GrPatrixYT: Teleported Alipsi to GrPatrixYT]
[20:03:46] [Server thread/INFO]: SANS1237843 issued server command: /back
[20:03:53] [Server thread/INFO]: SANS1237843 issued server command: /tpa luispro110224
[20:04:13] [Server thread/INFO]: SANS1237843 issued server command: /back
[20:05:12] [Server thread/INFO]: GrPatrixYT issued server command: /tp Alipsi GrPatrixYT
[20:05:12] [Server thread/INFO]: [GrPatrixYT: Teleported Alipsi to GrPatrixYT]
[20:05:21] [Server thread/INFO]: Alipsi issued server command: /tpa l
[20:07:59] [Server thread/INFO]: luispro110224 lost connection: Disconnected
[20:07:59] [Server thread/INFO]: luispro110224 left the game
[20:08:08] [User Authenticator #2/INFO]: UUID of player luispro110224 is 78b4080c-845d-323f-8618-f1d0e4fe510a
[20:08:09] [TAB Processing Thread/INFO]: [TAB] [WARN] Player luispro110224's group (none) is not in sorting list! Sorting list: owner,admin,mod,helper,builder,vip,default. Player will be sorted on the bottom.
[20:08:09] [Server thread/INFO]: luispro110224 joined the game
[20:08:09] [Server thread/INFO]: luispro110224[/127.104.189.111:60507] logged in with entity id 8144 at ([world]-1076.300000011921, 72.0, -2137.300000011921)
[20:12:30] [Server thread/INFO]: SANS1237843 issued server command: /tpa Alipsi
[20:15:25] [Server thread/INFO]: GrPatrixYT issued server command: /tp Alipsi
[20:15:25] [Server thread/INFO]: [GrPatrixYT: Teleported GrPatrixYT to Alipsi]
[20:15:49] [Server thread/INFO]: GrPatrixYT issued server command: /back
[20:15:54] [Server thread/INFO]: SANS1237843 has made the advancement [The Parrots and the Bats]
[20:17:36] [Server thread/INFO]: GrPatrixYT issued server command: /back
[20:18:43] [Server thread/INFO]: GrPatrixYT issued server command: /back
[20:20:42] [Server thread/INFO]: GrPatrixYT issued server command: /back
[20:20:48] [Server thread/INFO]: SANS1237843 issued server command: /tpa Alipsi
[20:22:35] [Server thread/INFO]: Alipsi issued server command: /back
[20:24:09] [Server thread/INFO]: GrPatrixYT lost connection: Disconnected
[20:24:09] [Server thread/INFO]: GrPatrixYT left the game
[20:24:28] [Server thread/INFO]: SANS1237843 issued server command: /tpa Alipsi
[20:25:21] [Server thread/INFO]: luispro110224 issued server command: /tpa alipsi
[20:29:29] [Server thread/INFO]: Alipsi has reached the goal [Beaconator]
[20:29:29] [Server thread/INFO]: Alipsi has made the advancement [Bring Home the Beacon]
[20:29:29] [Server thread/INFO]: luispro110224 has reached the goal [Beaconator]
[20:29:29] [Server thread/INFO]: luispro110224 has made the advancement [Bring Home the Beacon]
[20:29:29] [Server thread/INFO]: SANS1237843 has reached the goal [Beaconator]
[20:29:29] [Server thread/INFO]: SANS1237843 has made the advancement [Bring Home the Beacon]
[20:46:34] [Server thread/INFO]: luispro110224 fell from a high place
[20:46:41] [Server thread/INFO]: luispro110224 issued server command: /back
[20:46:46] [Server thread/INFO]: [AngelChest] luispro110224 opened the AngelChest of luispro110224 at Location{world=CraftWorld{name=world},x=-1072.0,y=-59.0,z=-2177.0,pitch=0.0,yaw=0.0}
[20:49:57] [Server thread/INFO]: SANS1237843 issued server command: /back
[20:50:46] [Server thread/INFO]: SANS1237843 issued server command: /back
[20:52:46] [Server thread/INFO]: luispro110224 fell from a high place
[20:52:54] [Server thread/INFO]: luispro110224 issued server command: /back}
[20:53:09] [Server thread/INFO]: luispro110224 issued server command: /back
[20:53:15] [Server thread/INFO]: [AngelChest] luispro110224 opened the AngelChest of luispro110224 at Location{world=CraftWorld{name=world},x=-1072.0,y=-59.0,z=-2178.0,pitch=0.0,yaw=0.0}
